{
  "RSpec": {
    "coverage": {
      "/Users/taylorvaroglu/Desktop/DesktopFiles/mod1/independent-challenges/space_force_2105/lib/person.rb": {
        "lines": [
          1,
          1,
          null,
          1,
          14,
          14,
          14,
          null,
          null,
          1,
          26,
          null,
          null,
          null
        ]
      },
      "/Users/taylorvaroglu/Desktop/DesktopFiles/mod1/independent-challenges/space_force_2105/lib/spacecraft.rb": {
        "lines": [
          1,
          1,
          null,
          1,
          9,
          9,
          9,
          null,
          null,
          1,
          14,
          null,
          null,
          null
        ]
      },
      "/Users/taylorvaroglu/Desktop/DesktopFiles/mod1/independent-challenges/space_force_2105/lib/flotilla.rb": {
        "lines": [
          1,
          1,
          null,
          1,
          5,
          5,
          5,
          null,
          null,
          1,
          7,
          null,
          null,
          1,
          12,
          null,
          null,
          1,
          8,
          8,
          16,
          64,
          128,
          22,
          null,
          null,
          null,
          null,
          8,
          null,
          null,
          1,
          9,
          null,
          null,
          1,
          2,
          2,
          2,
          4,
          3,
          null,
          null,
          2,
          null,
          null,
          null
        ]
      },
      "/Users/taylorvaroglu/Desktop/DesktopFiles/mod1/independent-challenges/space_force_2105/spec/person_spec.rb": {
        "lines": [
          1,
          1,
          null,
          1,
          1,
          null,
          null,
          1,
          1,
          1,
          null,
          1,
          1,
          1,
          null,
          1,
          1,
          null,
          null,
          1,
          1,
          null,
          1,
          3,
          null,
          1,
          1,
          1,
          null,
          null,
          null
        ]
      },
      "/Users/taylorvaroglu/Desktop/DesktopFiles/mod1/independent-challenges/space_force_2105/spec/spacecraft_spec.rb": {
        "lines": [
          1,
          1,
          null,
          1,
          1,
          null,
          null,
          1,
          1,
          1,
          null,
          1,
          1,
          1,
          null,
          1,
          1,
          null,
          null,
          1,
          1,
          null,
          1,
          3,
          null,
          1,
          1,
          1,
          null,
          null,
          null
        ]
      }
    },
    "timestamp": 1622738545
  }
}
